<?xml version="1.0" encoding="UTF-8"?>
<testsuite name="RectangleTest" tests="2" skipped="0" failures="0" errors="0" timestamp="2016-09-08T17:57:29" hostname="epicodus-108.local" time="0.001">
  <properties/>
  <testcase name="isSquare_instantiatesRectangleObject" classname="RectangleTest" time="0.001"/>
  <testcase name="isSquare_comparesLengthAndWidthOfAQuadrilateral_true" classname="RectangleTest" time="0.0"/>
  <system-out><![CDATA[]]></system-out>
  <system-err><![CDATA[]]></system-err>
</testsuite>
