<?xml version="1.0" encoding="UTF-8"?>
<testsuite name="RectangleTest" tests="5" skipped="0" failures="0" errors="0" timestamp="2016-09-14T18:28:38" hostname="epicodus-11.local" time="0.001">
  <properties/>
  <testcase name="all_ReturnsAllInstancesOfRectangle_true" classname="RectangleTest" time="0.001"/>
  <testcase name="isSquare_instantiatesRectangleObject" classname="RectangleTest" time="0.0"/>
  <testcase name="isSquare_comparesLengthAndWidthOfAQuadrilateral_true" classname="RectangleTest" time="0.0"/>
  <testcase name="getLength_returnsLength_int" classname="RectangleTest" time="0.0"/>
  <testcase name="getWidth_returnsWidth_int" classname="RectangleTest" time="0.0"/>
  <system-out><![CDATA[]]></system-out>
  <system-err><![CDATA[]]></system-err>
</testsuite>
