<?xml version="1.0" encoding="UTF-8"?>
<testsuite name="CubeTest" tests="5" skipped="0" failures="0" errors="0" timestamp="2016-09-14T18:28:38" hostname="epicodus-11.local" time="0.001">
  <properties/>
  <testcase name="calculateVolume_multipliesLengthWidthHeight_int" classname="CubeTest" time="0.001"/>
  <testcase name="Cube_instanceOf_true" classname="CubeTest" time="0.0"/>
  <testcase name="all_ReturnsAllInstancesOfCube_true" classname="CubeTest" time="0.0"/>
  <testcase name="calculateSurfaceArea_combinesAreaOfAllSides_int" classname="CubeTest" time="0.0"/>
  <testcase name="getFace_returnsFace_Rectangle" classname="CubeTest" time="0.0"/>
  <system-out><![CDATA[]]></system-out>
  <system-err><![CDATA[]]></system-err>
</testsuite>
